-----BEGIN CERTIFICATE-----
MIIEAzCCAuugAwIBAgIUErXwDIyi3pmd00c9R16CAkLYYRAwDQYJKoZIhvcNAQEL
BQAwgZAxCzAJBgNVBAYTAklOMRIwEAYDVQQIDAlURUxBTkdBTkExEjAQBgNVBAcM
CUhZREVSQUJBRDEOMAwGA1UECgwFSk9LRVIxEDAOBgNVBAsMB0pPS0VSLTExEjAQ
BgNVBAMMCWxvY2FsaG9zdDEjMCEGCSqGSIb3DQEJARYUam9rZXJAcHJvdG9ubWFp
bC5jb20wHhcNMjEwNDA1MTAyMzU5WhcNMjEwNTA1MTAyMzU5WjCBkDELMAkGA1UE
BhMCSU4xEjAQBgNVBAgMCVRFTEFOR0FOQTESMBAGA1UEBwwJSFlERVJBQkFEMQ4w
DAYDVQQKDAVKT0tFUjEQMA4GA1UECwwHSk9LRVItMTESMBAGA1UEAwwJbG9jYWxo
b3N0MSMwIQYJKoZIhvcNAQkBFhRqb2tlckBwcm90b25tYWlsLmNvbTCCASIwDQYJ
KoZIhvcNAQEBBQADggEPADCCAQoCggEBAKa/9ALD+SVcYrijXSDbB4ZqXkaMqi6K
xRfdve1bcAIaMl4OsHFL3G0mdrMRadRj2vkz61blI31Bne8IPXOeMvRpGd4G/Y1h
8OKz9uSh7lCHMFZeGfKc73RO42NMvhsc13uAKlTBLy+A0CF+MsxgUXz10GeRhL79
MJwSvHqrRoiJA1VNqwCPq5lU3PQ6zxAZqpvjbgipJ4q37Gl+c1vkuW7mWR8fUIPU
CjRQh2mEtiG59bvRczX5pO/d5v7BTYTHdzsZAPnr7yQLs/lXbLLXokWtt730X4ts
500klohRIhSqBuOvGuSshJsgNh0NX7BEYLvoyV/fSStZKC7EgUl0/Z0CAwEAAaNT
MFEwHQYDVR0OBBYEFNW+bCryn4pv8gFLqrYfj1hED9RLMB8GA1UdIwQYMBaAFNW+
bCryn4pv8gFLqrYfj1hED9RLMA8GA1UdEwEB/wQFMAMBAf8wDQYJKoZIhvcNAQEL
BQADggEBAGBfou4nczIp/QtC86dNj8xvsvyNlji7JJQjtjTZFC5cXIgKud09lzeo
kzQseP4MOMrvPJQxGtGjKncNFh3CTsYhG8CPVCAVsPol7Te/mA2pYjFsF6ohTufx
B2UZwXR86tRdajSmSd1/s2Ynu6Uh4115Z2qv1labG7i6L7ewUQt7KVEOKKi/PFDh
CYGVxopmzDB2xNQe3uj9dkG4/W64DoLPjfXXFwanVL+ik5PpkqCo1NPmAylg0Yy5
8+1xa10H7yQUVDF1r4Q6A/v0RnQkQ7qjzF6oAi+2d1KOhm+LdlCgWrkBeZtYxE9k
OSb8SHfFJf79wkpnj46Sn2e5iIQ06R4=
-----END CERTIFICATE-----
